<?xml version="1.0" encoding="UTF-8"?>
<testsuite xmlns:xsi="http://www.w3.org/2001/XMLSchema-instance" xsi:noNamespaceSchemaLocation="https://maven.apache.org/surefire/maven-surefire-plugin/xsd/surefire-test-report.xsd" name="io.helidon.examples.sockshop.carts.DefaultCartRepositoryTest" time="0.016" tests="4" errors="0" skipped="0" failures="0">
  <properties>
[...]
</properties>
  <testcase name="testCartDeletion" classname="io.helidon.examples.sockshop.carts.DefaultCartRepositoryTest" time="0.01"/>
  <testcase name="testCartCreation" classname="io.helidon.examples.sockshop.carts.DefaultCartRepositoryTest" time="0"/>
  <testcase name="testItemAccess" classname="io.helidon.examples.sockshop.carts.DefaultCartRepositoryTest" time="0"/>
  <testcase name="testCartMerge" classname="io.helidon.examples.sockshop.carts.DefaultCartRepositoryTest" time="0.001"/>
</testsuite>